0 info it worked if it ends with ok
1 verbose cli [ 'c:\\Program Files (x86)\\nodejs\\node.exe',
1 verbose cli   'c:\\Program Files (x86)\\nodejs\\node_modules\\npm\\bin\\npm-cli.js',
1 verbose cli   'install',
1 verbose cli   'sleep' ]
2 info using npm@2.14.7
3 info using node@v4.2.2
4 verbose install initial load of c:\Users\scien\harvard\package.json
5 warn package.json harvard@1.0.0 No description
6 warn package.json harvard@1.0.0 No README data
7 verbose installManyTop reading scoped package data from c:\Users\scien\harvard\node_modules\express\package.json
8 verbose installManyTop reading scoped package data from c:\Users\scien\harvard\node_modules\socket.io\package.json
9 info package.json socket.io@1.3.7 No license field.
10 verbose readDependencies loading dependencies from c:\Users\scien\harvard\package.json
11 silly cache add args [ 'sleep', null ]
12 verbose cache add spec sleep
13 silly cache add parsed spec Result {
13 silly cache add   raw: 'sleep',
13 silly cache add   scope: null,
13 silly cache add   name: 'sleep',
13 silly cache add   rawSpec: '',
13 silly cache add   spec: '*',
13 silly cache add   type: 'range' }
14 silly addNamed sleep@*
15 verbose addNamed "*" is a valid semver range for sleep
16 silly addNameRange { name: 'sleep', range: '*', hasData: false }
17 silly mapToRegistry name sleep
18 silly mapToRegistry using default registry
19 silly mapToRegistry registry https://registry.npmjs.org/
20 silly mapToRegistry uri https://registry.npmjs.org/sleep
21 verbose addNameRange registry:https://registry.npmjs.org/sleep not in flight; fetching
22 verbose request uri https://registry.npmjs.org/sleep
23 verbose request no auth needed
24 info attempt registry request try #1 at 9:48:06 AM
25 verbose request id 041b4cb58bc1ce66
26 http request GET https://registry.npmjs.org/sleep
27 http 200 https://registry.npmjs.org/sleep
28 verbose headers { server: 'CouchDB/1.5.0 (Erlang OTP/R16B03)',
28 verbose headers   etag: '"6Z12S8T1ZAGKKLWIE8WCF74L7"',
28 verbose headers   'content-type': 'application/json',
28 verbose headers   'cache-control': 'max-age=60',
28 verbose headers   'content-length': '15651',
28 verbose headers   'accept-ranges': 'bytes',
28 verbose headers   date: 'Sat, 14 Nov 2015 14:48:06 GMT',
28 verbose headers   via: '1.1 varnish',
28 verbose headers   age: '0',
28 verbose headers   connection: 'keep-alive',
28 verbose headers   'x-served-by': 'cache-iad2148-IAD',
28 verbose headers   'x-cache': 'HIT',
28 verbose headers   'x-cache-hits': '1',
28 verbose headers   'x-timer': 'S1447512486.830377,VS0,VE97',
28 verbose headers   vary: 'Accept' }
29 silly get cb [ 200,
29 silly get   { server: 'CouchDB/1.5.0 (Erlang OTP/R16B03)',
29 silly get     etag: '"6Z12S8T1ZAGKKLWIE8WCF74L7"',
29 silly get     'content-type': 'application/json',
29 silly get     'cache-control': 'max-age=60',
29 silly get     'content-length': '15651',
29 silly get     'accept-ranges': 'bytes',
29 silly get     date: 'Sat, 14 Nov 2015 14:48:06 GMT',
29 silly get     via: '1.1 varnish',
29 silly get     age: '0',
29 silly get     connection: 'keep-alive',
29 silly get     'x-served-by': 'cache-iad2148-IAD',
29 silly get     'x-cache': 'HIT',
29 silly get     'x-cache-hits': '1',
29 silly get     'x-timer': 'S1447512486.830377,VS0,VE97',
29 silly get     vary: 'Accept' } ]
30 verbose get saving sleep to C:\Users\scien\AppData\Roaming\npm-cache\registry.npmjs.org\sleep\.cache.json
31 silly addNameRange number 2 { name: 'sleep', range: '*', hasData: true }
32 silly addNameRange versions [ 'sleep',
32 silly addNameRange   [ '1.0.0',
32 silly addNameRange     '1.0.1',
32 silly addNameRange     '1.0.2',
32 silly addNameRange     '1.1.0',
32 silly addNameRange     '1.1.1',
32 silly addNameRange     '1.1.2',
32 silly addNameRange     '1.1.3',
32 silly addNameRange     '1.1.4',
32 silly addNameRange     '1.1.5',
32 silly addNameRange     '1.1.6',
32 silly addNameRange     '1.1.7',
32 silly addNameRange     '1.1.8',
32 silly addNameRange     '1.2.0',
32 silly addNameRange     '2.0.0',
32 silly addNameRange     '3.0.0' ] ]
33 silly addNamed sleep@3.0.0
34 verbose addNamed "3.0.0" is a plain semver version for sleep
35 silly mapToRegistry name sleep
36 silly mapToRegistry using default registry
37 silly mapToRegistry registry https://registry.npmjs.org/
38 silly mapToRegistry uri https://registry.npmjs.org/sleep
39 verbose addRemoteTarball https://registry.npmjs.org/sleep/-/sleep-3.0.0.tgz not in flight; adding
40 verbose addRemoteTarball [ 'https://registry.npmjs.org/sleep/-/sleep-3.0.0.tgz',
40 verbose addRemoteTarball   '6b374727ee43823686db192f34c1fcb5387013ef' ]
41 info retry fetch attempt 1 at 9:48:06 AM
42 info attempt registry request try #1 at 9:48:06 AM
43 http fetch GET https://registry.npmjs.org/sleep/-/sleep-3.0.0.tgz
44 http fetch 200 https://registry.npmjs.org/sleep/-/sleep-3.0.0.tgz
45 silly fetchAndShaCheck shasum 6b374727ee43823686db192f34c1fcb5387013ef
46 verbose addTmpTarball C:\Users\scien\AppData\Local\Temp\npm-5260-32c92dff\registry.npmjs.org\sleep\-\sleep-3.0.0.tgz not in flight; adding
47 verbose addTmpTarball already have metadata; skipping unpack for sleep@3.0.0
48 silly cache afterAdd sleep@3.0.0
49 verbose afterAdd C:\Users\scien\AppData\Roaming\npm-cache\sleep\3.0.0\package\package.json not in flight; writing
50 verbose afterAdd C:\Users\scien\AppData\Roaming\npm-cache\sleep\3.0.0\package\package.json written
51 silly install resolved [ { name: 'sleep',
51 silly install resolved     version: '3.0.0',
51 silly install resolved     main: 'index.js',
51 silly install resolved     description: 'Add sleep() and usleep() to nodejs',
51 silly install resolved     homepage: 'http://github.com/ErikDubbelboer/node-sleep',
51 silly install resolved     author: { name: 'Erik Dubbelboer', email: 'erik@dubbelboer.com' },
51 silly install resolved     engines: { node: '>=0.4.0' },
51 silly install resolved     keywords: [ 'sleep', 'usleep' ],
51 silly install resolved     repository:
51 silly install resolved      { type: 'git',
51 silly install resolved        url: 'https://github.com/ErikDubbelboer/node-sleep.git' },
51 silly install resolved     dependencies: { nan: '>=2.0.0' },
51 silly install resolved     gypfile: true,
51 silly install resolved     scripts: { install: 'node-gyp rebuild' },
51 silly install resolved     gitHead: 'bebfd6c19cb8c7055d29682446df99088c54bc06',
51 silly install resolved     bugs: { url: 'https://github.com/ErikDubbelboer/node-sleep/issues' },
51 silly install resolved     _id: 'sleep@3.0.0',
51 silly install resolved     _shasum: '6b374727ee43823686db192f34c1fcb5387013ef',
51 silly install resolved     _from: 'sleep@*',
51 silly install resolved     _npmVersion: '1.4.28',
51 silly install resolved     _npmUser: { name: 'erikdubbelboer', email: 'erik@dubbelboer.com' },
51 silly install resolved     maintainers: [ [Object] ],
51 silly install resolved     dist:
51 silly install resolved      { shasum: '6b374727ee43823686db192f34c1fcb5387013ef',
51 silly install resolved        tarball: 'http://registry.npmjs.org/sleep/-/sleep-3.0.0.tgz' },
51 silly install resolved     directories: {},
51 silly install resolved     _resolved: 'https://registry.npmjs.org/sleep/-/sleep-3.0.0.tgz' } ]
52 info install sleep@3.0.0 into c:\Users\scien\harvard
53 info installOne sleep@3.0.0
54 verbose installOne of sleep to c:\Users\scien\harvard not in flight; installing
55 verbose lock using C:\Users\scien\AppData\Roaming\npm-cache\_locks\sleep-394b1b808b6afad4.lock for c:\Users\scien\harvard\node_modules\sleep
56 silly install write writing sleep 3.0.0 to c:\Users\scien\harvard\node_modules\sleep
57 verbose unbuild node_modules\sleep
58 silly gentlyRm c:\Users\scien\harvard\node_modules\sleep is being purged from base c:\Users\scien\harvard
59 verbose gentlyRm don't care about contents; nuking c:\Users\scien\harvard\node_modules\sleep
60 verbose tar unpack C:\Users\scien\AppData\Roaming\npm-cache\sleep\3.0.0\package.tgz
61 verbose tar unpacking to c:\Users\scien\harvard\node_modules\sleep
62 silly gentlyRm c:\Users\scien\harvard\node_modules\sleep is being purged
63 verbose gentlyRm don't care about contents; nuking c:\Users\scien\harvard\node_modules\sleep
64 silly gunzTarPerm modes [ '777', '666' ]
65 silly gunzTarPerm extractEntry package.json
66 silly gunzTarPerm modified mode [ 'package.json', 436, 438 ]
67 silly gunzTarPerm extractEntry .npmignore
68 silly gunzTarPerm modified mode [ '.npmignore', 436, 438 ]
69 silly gunzTarPerm extractEntry README.md
70 silly gunzTarPerm modified mode [ 'README.md', 436, 438 ]
71 silly gunzTarPerm extractEntry index.js
72 silly gunzTarPerm modified mode [ 'index.js', 436, 438 ]
73 silly gunzTarPerm extractEntry test.js
74 silly gunzTarPerm modified mode [ 'test.js', 436, 438 ]
75 silly gunzTarPerm extractEntry LICENSE.txt
76 silly gunzTarPerm modified mode [ 'LICENSE.txt', 436, 438 ]
77 silly gunzTarPerm extractEntry binding.gyp
78 silly gunzTarPerm modified mode [ 'binding.gyp', 436, 438 ]
79 silly gunzTarPerm extractEntry sleep.cc
80 silly gunzTarPerm modified mode [ 'sleep.cc', 436, 438 ]
81 verbose write writing to c:\Users\scien\harvard\node_modules\sleep\package.json
82 info preinstall sleep@3.0.0
83 verbose readDependencies loading dependencies from c:\Users\scien\harvard\node_modules\sleep\package.json
84 silly prepareForInstallMany adding nan@>=2.0.0 from sleep dependencies
85 verbose readDependencies loading dependencies from c:\Users\scien\harvard\node_modules\sleep\package.json
86 silly cache add args [ 'nan@>=2.0.0', null ]
87 verbose cache add spec nan@>=2.0.0
88 silly cache add parsed spec Result {
88 silly cache add   raw: 'nan@>=2.0.0',
88 silly cache add   scope: null,
88 silly cache add   name: 'nan',
88 silly cache add   rawSpec: '>=2.0.0',
88 silly cache add   spec: '>=2.0.0',
88 silly cache add   type: 'range' }
89 silly addNamed nan@>=2.0.0
90 verbose addNamed ">=2.0.0" is a valid semver range for nan
91 silly addNameRange { name: 'nan', range: '>=2.0.0', hasData: false }
92 silly mapToRegistry name nan
93 silly mapToRegistry using default registry
94 silly mapToRegistry registry https://registry.npmjs.org/
95 silly mapToRegistry uri https://registry.npmjs.org/nan
96 verbose addNameRange registry:https://registry.npmjs.org/nan not in flight; fetching
97 verbose get https://registry.npmjs.org/nan not expired, no request
98 silly addNameRange number 2 { name: 'nan', range: '>=2.0.0', hasData: true }
99 silly addNameRange versions [ 'nan',
99 silly addNameRange   [ '0.3.0-wip',
99 silly addNameRange     '0.3.0-wip2',
99 silly addNameRange     '0.3.0',
99 silly addNameRange     '0.3.1',
99 silly addNameRange     '0.3.2',
99 silly addNameRange     '0.4.0',
99 silly addNameRange     '0.4.1',
99 silly addNameRange     '0.4.2',
99 silly addNameRange     '0.4.3',
99 silly addNameRange     '0.4.4',
99 silly addNameRange     '0.5.0',
99 silly addNameRange     '0.5.1',
99 silly addNameRange     '0.5.2',
99 silly addNameRange     '0.6.0',
99 silly addNameRange     '0.7.0',
99 silly addNameRange     '0.7.1',
99 silly addNameRange     '0.8.0',
99 silly addNameRange     '1.0.0',
99 silly addNameRange     '1.1.0',
99 silly addNameRange     '1.1.1',
99 silly addNameRange     '1.1.2',
99 silly addNameRange     '1.2.0',
99 silly addNameRange     '1.3.0',
99 silly addNameRange     '1.4.0',
99 silly addNameRange     '1.4.1',
99 silly addNameRange     '1.5.0',
99 silly addNameRange     '1.4.2',
99 silly addNameRange     '1.4.3',
99 silly addNameRange     '1.5.1',
99 silly addNameRange     '1.5.2',
99 silly addNameRange     '1.6.0',
99 silly addNameRange     '1.5.3',
99 silly addNameRange     '1.6.1',
99 silly addNameRange     '1.6.2',
99 silly addNameRange     '1.7.0',
99 silly addNameRange     '1.8.0',
99 silly addNameRange     '1.8.1',
99 silly addNameRange     '1.8.2',
99 silly addNameRange     '1.8.3',
99 silly addNameRange     '1.8.4',
99 silly addNameRange     '1.9.0',
99 silly addNameRange     '2.0.0',
99 silly addNameRange     '2.0.1',
99 silly addNameRange     '2.0.2',
99 silly addNameRange     '2.0.3',
99 silly addNameRange     '2.0.4',
99 silly addNameRange     '2.0.5',
99 silly addNameRange     '2.0.6',
99 silly addNameRange     '2.0.7',
99 silly addNameRange     '2.0.8',
99 silly addNameRange     '2.0.9',
99 silly addNameRange     '2.1.0' ] ]
100 silly addNamed nan@2.1.0
101 verbose addNamed "2.1.0" is a plain semver version for nan
102 silly cache afterAdd nan@2.1.0
103 verbose afterAdd C:\Users\scien\AppData\Roaming\npm-cache\nan\2.1.0\package\package.json not in flight; writing
104 verbose afterAdd C:\Users\scien\AppData\Roaming\npm-cache\nan\2.1.0\package\package.json written
105 silly install resolved [ { name: 'nan',
105 silly install resolved     version: '2.1.0',
105 silly install resolved     description: 'Native Abstractions for Node.js: C++ header for Node 0.8 -> 4 compatibility',
105 silly install resolved     main: 'include_dirs.js',
105 silly install resolved     repository: { type: 'git', url: 'git://github.com/nodejs/nan.git' },
105 silly install resolved     scripts:
105 silly install resolved      { test: 'tap --gc test/js/*-test.js',
105 silly install resolved        'rebuild-tests': 'node-gyp rebuild --msvs_version=2013 --directory test',
105 silly install resolved        docs: 'doc/.build.sh' },
105 silly install resolved     contributors:
105 silly install resolved      [ [Object],
105 silly install resolved        [Object],
105 silly install resolved        [Object],
105 silly install resolved        [Object],
105 silly install resolved        [Object],
105 silly install resolved        [Object],
105 silly install resolved        [Object] ],
105 silly install resolved     devDependencies:
105 silly install resolved      { bindings: '~1.2.1',
105 silly install resolved        commander: '^2.8.1',
105 silly install resolved        glob: '^5.0.14',
105 silly install resolved        'node-gyp': '~3.0.1',
105 silly install resolved        tap: '~0.7.1',
105 silly install resolved        xtend: '~4.0.0' },
105 silly install resolved     license: 'MIT',
105 silly install resolved     bugs: { url: 'https://github.com/nodejs/nan/issues' },
105 silly install resolved     homepage: 'https://github.com/nodejs/nan#readme',
105 silly install resolved     _id: 'nan@2.1.0',
105 silly install resolved     _shasum: '020a7ccedc63fdee85f85967d5607849e74abbe8',
105 silly install resolved     _resolved: 'https://registry.npmjs.org/nan/-/nan-2.1.0.tgz',
105 silly install resolved     _from: 'nan@>=2.0.0',
105 silly install resolved     _npmVersion: '3.3.5',
105 silly install resolved     _nodeVersion: '4.1.2',
105 silly install resolved     _npmUser: { name: 'kkoopa', email: 'bbyholm@abo.fi' },
105 silly install resolved     dist:
105 silly install resolved      { shasum: '020a7ccedc63fdee85f85967d5607849e74abbe8',
105 silly install resolved        tarball: 'http://registry.npmjs.org/nan/-/nan-2.1.0.tgz' },
105 silly install resolved     maintainers: [ [Object], [Object] ],
105 silly install resolved     directories: {},
105 silly install resolved     readme: 'ERROR: No README data found!' } ]
106 info install nan@2.1.0 into c:\Users\scien\harvard\node_modules\sleep
107 info installOne nan@2.1.0
108 verbose installOne of nan to c:\Users\scien\harvard\node_modules\sleep not in flight; installing
109 verbose lock using C:\Users\scien\AppData\Roaming\npm-cache\_locks\nan-08a8de28fa5c0d61.lock for c:\Users\scien\harvard\node_modules\sleep\node_modules\nan
110 silly install write writing nan 2.1.0 to c:\Users\scien\harvard\node_modules\sleep\node_modules\nan
111 verbose unbuild node_modules\sleep\node_modules\nan
112 silly gentlyRm c:\Users\scien\harvard\node_modules\sleep\node_modules\nan is being purged from base c:\Users\scien\harvard
113 verbose gentlyRm don't care about contents; nuking c:\Users\scien\harvard\node_modules\sleep\node_modules\nan
114 verbose tar unpack C:\Users\scien\AppData\Roaming\npm-cache\nan\2.1.0\package.tgz
115 verbose tar unpacking to c:\Users\scien\harvard\node_modules\sleep\node_modules\nan
116 silly gentlyRm c:\Users\scien\harvard\node_modules\sleep\node_modules\nan is being purged
117 verbose gentlyRm don't care about contents; nuking c:\Users\scien\harvard\node_modules\sleep\node_modules\nan
118 silly gunzTarPerm modes [ '777', '666' ]
119 silly gunzTarPerm extractEntry package.json
120 silly gunzTarPerm modified mode [ 'package.json', 436, 438 ]
121 silly gunzTarPerm extractEntry README.md
122 silly gunzTarPerm modified mode [ 'README.md', 436, 438 ]
123 silly gunzTarPerm extractEntry include_dirs.js
124 silly gunzTarPerm modified mode [ 'include_dirs.js', 436, 438 ]
125 silly gunzTarPerm extractEntry nan_converters.h
126 silly gunzTarPerm modified mode [ 'nan_converters.h', 436, 438 ]
127 silly gunzTarPerm extractEntry LICENSE.md
128 silly gunzTarPerm modified mode [ 'LICENSE.md', 436, 438 ]
129 silly gunzTarPerm extractEntry .dntrc
130 silly gunzTarPerm modified mode [ '.dntrc', 436, 438 ]
131 silly gunzTarPerm extractEntry appveyor.yml
132 silly gunzTarPerm modified mode [ 'appveyor.yml', 436, 438 ]
133 silly gunzTarPerm extractEntry doc/new.md
134 silly gunzTarPerm modified mode [ 'doc/new.md', 436, 438 ]
135 silly gunzTarPerm extractEntry doc/.build.sh
136 silly gunzTarPerm modified mode [ 'doc/.build.sh', 509, 511 ]
137 silly gunzTarPerm extractEntry doc/buffers.md
138 silly gunzTarPerm modified mode [ 'doc/buffers.md', 436, 438 ]
139 silly gunzTarPerm extractEntry doc/callback.md
140 silly gunzTarPerm modified mode [ 'doc/callback.md', 436, 438 ]
141 silly gunzTarPerm extractEntry doc/converters.md
142 silly gunzTarPerm modified mode [ 'doc/converters.md', 436, 438 ]
143 silly gunzTarPerm extractEntry doc/errors.md
144 silly gunzTarPerm modified mode [ 'doc/errors.md', 436, 438 ]
145 silly gunzTarPerm extractEntry doc/maybe_types.md
146 silly gunzTarPerm modified mode [ 'doc/maybe_types.md', 436, 438 ]
147 silly gunzTarPerm extractEntry doc/methods.md
148 silly gunzTarPerm modified mode [ 'doc/methods.md', 436, 438 ]
149 silly gunzTarPerm extractEntry doc/asyncworker.md
150 silly gunzTarPerm modified mode [ 'doc/asyncworker.md', 436, 438 ]
151 silly gunzTarPerm extractEntry doc/node_misc.md
152 silly gunzTarPerm modified mode [ 'doc/node_misc.md', 436, 438 ]
153 silly gunzTarPerm extractEntry doc/persistent.md
154 silly gunzTarPerm modified mode [ 'doc/persistent.md', 436, 438 ]
155 silly gunzTarPerm extractEntry doc/scopes.md
156 silly gunzTarPerm modified mode [ 'doc/scopes.md', 436, 438 ]
157 silly gunzTarPerm extractEntry doc/script.md
158 silly gunzTarPerm modified mode [ 'doc/script.md', 436, 438 ]
159 silly gunzTarPerm extractEntry doc/string_bytes.md
160 silly gunzTarPerm modified mode [ 'doc/string_bytes.md', 436, 438 ]
161 silly gunzTarPerm extractEntry doc/v8_internals.md
162 silly gunzTarPerm modified mode [ 'doc/v8_internals.md', 436, 438 ]
163 silly gunzTarPerm extractEntry doc/v8_misc.md
164 silly gunzTarPerm modified mode [ 'doc/v8_misc.md', 436, 438 ]
165 silly gunzTarPerm extractEntry nan.h
166 silly gunzTarPerm modified mode [ 'nan.h', 436, 438 ]
167 silly gunzTarPerm extractEntry nan_callbacks.h
168 silly gunzTarPerm modified mode [ 'nan_callbacks.h', 436, 438 ]
169 silly gunzTarPerm extractEntry nan_callbacks_12_inl.h
170 silly gunzTarPerm modified mode [ 'nan_callbacks_12_inl.h', 436, 438 ]
171 silly gunzTarPerm extractEntry nan_callbacks_pre_12_inl.h
172 silly gunzTarPerm modified mode [ 'nan_callbacks_pre_12_inl.h', 436, 438 ]
173 silly gunzTarPerm extractEntry nan_converters_43_inl.h
174 silly gunzTarPerm modified mode [ 'nan_converters_43_inl.h', 436, 438 ]
175 silly gunzTarPerm extractEntry nan_converters_pre_43_inl.h
176 silly gunzTarPerm modified mode [ 'nan_converters_pre_43_inl.h', 436, 438 ]
177 silly gunzTarPerm extractEntry nan_implementation_12_inl.h
178 silly gunzTarPerm modified mode [ 'nan_implementation_12_inl.h', 436, 438 ]
179 silly gunzTarPerm extractEntry nan_implementation_pre_12_inl.h
180 silly gunzTarPerm modified mode [ 'nan_implementation_pre_12_inl.h', 436, 438 ]
181 silly gunzTarPerm extractEntry nan_maybe_43_inl.h
182 silly gunzTarPerm modified mode [ 'nan_maybe_43_inl.h', 436, 438 ]
183 silly gunzTarPerm extractEntry nan_maybe_pre_43_inl.h
184 silly gunzTarPerm modified mode [ 'nan_maybe_pre_43_inl.h', 436, 438 ]
185 silly gunzTarPerm extractEntry nan_new.h
186 silly gunzTarPerm modified mode [ 'nan_new.h', 436, 438 ]
187 silly gunzTarPerm extractEntry nan_object_wrap.h
188 silly gunzTarPerm modified mode [ 'nan_object_wrap.h', 436, 438 ]
189 silly gunzTarPerm extractEntry nan_persistent_12_inl.h
190 silly gunzTarPerm modified mode [ 'nan_persistent_12_inl.h', 436, 438 ]
191 silly gunzTarPerm extractEntry nan_persistent_pre_12_inl.h
192 silly gunzTarPerm modified mode [ 'nan_persistent_pre_12_inl.h', 436, 438 ]
193 silly gunzTarPerm extractEntry nan_string_bytes.h
194 silly gunzTarPerm modified mode [ 'nan_string_bytes.h', 436, 438 ]
195 silly gunzTarPerm extractEntry nan_typedarray_contents.h
196 silly gunzTarPerm modified mode [ 'nan_typedarray_contents.h', 436, 438 ]
197 silly gunzTarPerm extractEntry nan_weak.h
198 silly gunzTarPerm modified mode [ 'nan_weak.h', 436, 438 ]
199 silly gunzTarPerm extractEntry CHANGELOG.md
200 silly gunzTarPerm modified mode [ 'CHANGELOG.md', 436, 438 ]
201 silly gunzTarPerm extractEntry tools/package.json
202 silly gunzTarPerm modified mode [ 'tools/package.json', 436, 438 ]
203 silly gunzTarPerm extractEntry tools/README.md
204 silly gunzTarPerm modified mode [ 'tools/README.md', 436, 438 ]
205 silly gunzTarPerm extractEntry tools/1to2.js
206 silly gunzTarPerm modified mode [ 'tools/1to2.js', 509, 511 ]
207 verbose write writing to c:\Users\scien\harvard\node_modules\sleep\node_modules\nan\package.json
208 info preinstall nan@2.1.0
209 verbose readDependencies loading dependencies from c:\Users\scien\harvard\node_modules\sleep\node_modules\nan\package.json
210 verbose readDependencies loading dependencies from c:\Users\scien\harvard\node_modules\sleep\node_modules\nan\package.json
211 silly install resolved []
212 verbose about to build c:\Users\scien\harvard\node_modules\sleep\node_modules\nan
213 info build c:\Users\scien\harvard\node_modules\sleep\node_modules\nan
214 info linkStuff nan@2.1.0
215 silly linkStuff nan@2.1.0 has c:\Users\scien\harvard\node_modules\sleep\node_modules as its parent node_modules
216 verbose linkBins nan@2.1.0
217 verbose linkMans nan@2.1.0
218 verbose rebuildBundles nan@2.1.0
219 info install nan@2.1.0
220 info postinstall nan@2.1.0
221 verbose unlock done using C:\Users\scien\AppData\Roaming\npm-cache\_locks\nan-08a8de28fa5c0d61.lock for c:\Users\scien\harvard\node_modules\sleep\node_modules\nan
222 verbose about to build c:\Users\scien\harvard\node_modules\sleep
223 info build c:\Users\scien\harvard\node_modules\sleep
224 info linkStuff sleep@3.0.0
225 silly linkStuff sleep@3.0.0 has c:\Users\scien\harvard\node_modules as its parent node_modules
226 verbose linkBins sleep@3.0.0
227 verbose linkMans sleep@3.0.0
228 verbose rebuildBundles sleep@3.0.0
229 verbose rebuildBundles [ 'nan' ]
230 info install sleep@3.0.0
231 verbose unsafe-perm in lifecycle true
232 info sleep@3.0.0 Failed to exec install script
233 verbose unlock done using C:\Users\scien\AppData\Roaming\npm-cache\_locks\sleep-394b1b808b6afad4.lock for c:\Users\scien\harvard\node_modules\sleep
234 verbose stack Error: sleep@3.0.0 install: `node-gyp rebuild`
234 verbose stack Exit status 1
234 verbose stack     at EventEmitter.<anonymous> (c:\Program Files (x86)\nodejs\node_modules\npm\lib\utils\lifecycle.js:214:16)
234 verbose stack     at emitTwo (events.js:87:13)
234 verbose stack     at EventEmitter.emit (events.js:172:7)
234 verbose stack     at ChildProcess.<anonymous> (c:\Program Files (x86)\nodejs\node_modules\npm\lib\utils\spawn.js:24:14)
234 verbose stack     at emitTwo (events.js:87:13)
234 verbose stack     at ChildProcess.emit (events.js:172:7)
234 verbose stack     at maybeClose (internal/child_process.js:818:16)
234 verbose stack     at Process.ChildProcess._handle.onexit (internal/child_process.js:211:5)
235 verbose pkgid sleep@3.0.0
236 verbose cwd c:\Users\scien\harvard
237 error Windows_NT 10.0.10240
238 error argv "c:\\Program Files (x86)\\nodejs\\node.exe" "c:\\Program Files (x86)\\nodejs\\node_modules\\npm\\bin\\npm-cli.js" "install" "sleep"
239 error node v4.2.2
240 error npm  v2.14.7
241 error code ELIFECYCLE
242 error sleep@3.0.0 install: `node-gyp rebuild`
242 error Exit status 1
243 error Failed at the sleep@3.0.0 install script 'node-gyp rebuild'.
243 error This is most likely a problem with the sleep package,
243 error not with npm itself.
243 error Tell the author that this fails on your system:
243 error     node-gyp rebuild
243 error You can get their info via:
243 error     npm owner ls sleep
243 error There is likely additional logging output above.
244 verbose exit [ 1, true ]
245 verbose unbuild node_modules\sleep
246 info preuninstall sleep@3.0.0
247 info uninstall sleep@3.0.0
248 verbose unbuild rmStuff sleep@3.0.0 from c:\Users\scien\harvard\node_modules
249 info postuninstall sleep@3.0.0
250 silly gentlyRm c:\Users\scien\harvard\node_modules\sleep is being purged from base c:\Users\scien\harvard
251 verbose gentlyRm don't care about contents; nuking c:\Users\scien\harvard\node_modules\sleep
252 silly vacuum-fs purging c:\Users\scien\harvard\node_modules\sleep
253 silly vacuum-fs quitting because other entries in c:\Users\scien\harvard\node_modules
